C:\Program Files (x86)\Microsoft Visual Studio\2017\Enterprise\Common7\IDE\VC\VCTargets\Microsoft.CppBuild.targets(376,5): warning MSB8004: Intermediate 目錄結尾不是結尾斜線。這個建置執行個體將會加入此斜線，因為這樣才能正確評估 Intermediate 目錄。
C:\Program Files (x86)\Microsoft Visual Studio\2017\Enterprise\Common7\IDE\VC\VCTargets\Microsoft.CppBuild.targets(377,5): warning MSB8004: Output 目錄結尾不是結尾斜線。這個建置執行個體將會加入此斜線，因為這樣才能正確評估 Output 目錄。
  Main.cpp
c:\users\justice.zy\desktop\blackjack\bjwzy\source\main.cpp(94): warning C4473: 'printf' : 傳遞給格式字串的引數不足
  c:\users\justice.zy\desktop\blackjack\bjwzy\source\main.cpp(94): note: 預留位置及其參數需要 9 個 variadic 引數，但卻提供了 8 個
  c:\users\justice.zy\desktop\blackjack\bjwzy\source\main.cpp(94): note: 缺少 variadic 引數 9 (其為格式字串 '%c' 所需)
c:\users\justice.zy\desktop\blackjack\bjwzy\source\main.cpp(67): warning C4101: 'choice1': 未參考的區域變數
c:\users\justice.zy\desktop\blackjack\bjwzy\source\main.cpp(121): warning C4996: 'scanf': This function or variable may be unsafe. Consider using scanf_s instead. To disable deprecation, use _CRT_SECURE_NO_WARNINGS. See online help for details.
  c:\program files (x86)\windows kits\10\include\10.0.17763.0\ucrt\stdio.h(1274): note: 請參閱 'scanf' 的宣告
c:\users\justice.zy\desktop\blackjack\bjwzy\source\main.cpp(127): warning C4996: 'scanf': This function or variable may be unsafe. Consider using scanf_s instead. To disable deprecation, use _CRT_SECURE_NO_WARNINGS. See online help for details.
  c:\program files (x86)\windows kits\10\include\10.0.17763.0\ucrt\stdio.h(1274): note: 請參閱 'scanf' 的宣告
c:\users\justice.zy\desktop\blackjack\bjwzy\source\main.cpp(138): warning C4996: 'scanf': This function or variable may be unsafe. Consider using scanf_s instead. To disable deprecation, use _CRT_SECURE_NO_WARNINGS. See online help for details.
  c:\program files (x86)\windows kits\10\include\10.0.17763.0\ucrt\stdio.h(1274): note: 請參閱 'scanf' 的宣告
c:\users\justice.zy\desktop\blackjack\bjwzy\source\main.cpp(142): warning C4996: 'scanf': This function or variable may be unsafe. Consider using scanf_s instead. To disable deprecation, use _CRT_SECURE_NO_WARNINGS. See online help for details.
  c:\program files (x86)\windows kits\10\include\10.0.17763.0\ucrt\stdio.h(1274): note: 請參閱 'scanf' 的宣告
c:\users\justice.zy\desktop\blackjack\bjwzy\source\main.cpp(212): warning C4996: 'scanf': This function or variable may be unsafe. Consider using scanf_s instead. To disable deprecation, use _CRT_SECURE_NO_WARNINGS. See online help for details.
  c:\program files (x86)\windows kits\10\include\10.0.17763.0\ucrt\stdio.h(1274): note: 請參閱 'scanf' 的宣告
c:\users\justice.zy\desktop\blackjack\bjwzy\source\main.cpp(218): warning C4996: 'scanf': This function or variable may be unsafe. Consider using scanf_s instead. To disable deprecation, use _CRT_SECURE_NO_WARNINGS. See online help for details.
  c:\program files (x86)\windows kits\10\include\10.0.17763.0\ucrt\stdio.h(1274): note: 請參閱 'scanf' 的宣告
c:\users\justice.zy\desktop\blackjack\bjwzy\source\main.cpp(186): warning C4101: 'choice2': 未參考的區域變數
c:\users\justice.zy\desktop\blackjack\bjwzy\source\main.cpp(602): warning C4996: 'scanf': This function or variable may be unsafe. Consider using scanf_s instead. To disable deprecation, use _CRT_SECURE_NO_WARNINGS. See online help for details.
  c:\program files (x86)\windows kits\10\include\10.0.17763.0\ucrt\stdio.h(1274): note: 請參閱 'scanf' 的宣告
c:\users\justice.zy\desktop\blackjack\bjwzy\source\main.cpp(607): warning C4996: 'scanf': This function or variable may be unsafe. Consider using scanf_s instead. To disable deprecation, use _CRT_SECURE_NO_WARNINGS. See online help for details.
  c:\program files (x86)\windows kits\10\include\10.0.17763.0\ucrt\stdio.h(1274): note: 請參閱 'scanf' 的宣告
c:\users\justice.zy\desktop\blackjack\bjwzy\source\main.cpp(739): warning C4996: 'scanf': This function or variable may be unsafe. Consider using scanf_s instead. To disable deprecation, use _CRT_SECURE_NO_WARNINGS. See online help for details.
  c:\program files (x86)\windows kits\10\include\10.0.17763.0\ucrt\stdio.h(1274): note: 請參閱 'scanf' 的宣告
c:\users\justice.zy\desktop\blackjack\bjwzy\source\main.cpp(745): warning C4996: 'scanf': This function or variable may be unsafe. Consider using scanf_s instead. To disable deprecation, use _CRT_SECURE_NO_WARNINGS. See online help for details.
  c:\program files (x86)\windows kits\10\include\10.0.17763.0\ucrt\stdio.h(1274): note: 請參閱 'scanf' 的宣告
c:\users\justice.zy\desktop\blackjack\bjwzy\source\main.cpp(757): warning C4996: 'scanf': This function or variable may be unsafe. Consider using scanf_s instead. To disable deprecation, use _CRT_SECURE_NO_WARNINGS. See online help for details.
  c:\program files (x86)\windows kits\10\include\10.0.17763.0\ucrt\stdio.h(1274): note: 請參閱 'scanf' 的宣告
c:\users\justice.zy\desktop\blackjack\bjwzy\source\main.cpp(763): warning C4996: 'scanf': This function or variable may be unsafe. Consider using scanf_s instead. To disable deprecation, use _CRT_SECURE_NO_WARNINGS. See online help for details.
  c:\program files (x86)\windows kits\10\include\10.0.17763.0\ucrt\stdio.h(1274): note: 請參閱 'scanf' 的宣告
c:\users\justice.zy\desktop\blackjack\bjwzy\source\main.cpp(779): warning C4996: 'scanf': This function or variable may be unsafe. Consider using scanf_s instead. To disable deprecation, use _CRT_SECURE_NO_WARNINGS. See online help for details.
  c:\program files (x86)\windows kits\10\include\10.0.17763.0\ucrt\stdio.h(1274): note: 請參閱 'scanf' 的宣告
c:\users\justice.zy\desktop\blackjack\bjwzy\source\main.cpp(783): warning C4996: 'scanf': This function or variable may be unsafe. Consider using scanf_s instead. To disable deprecation, use _CRT_SECURE_NO_WARNINGS. See online help for details.
  c:\program files (x86)\windows kits\10\include\10.0.17763.0\ucrt\stdio.h(1274): note: 請參閱 'scanf' 的宣告
c:\users\justice.zy\desktop\blackjack\bjwzy\source\main.cpp(800): warning C4996: 'fopen': This function or variable may be unsafe. Consider using fopen_s instead. To disable deprecation, use _CRT_SECURE_NO_WARNINGS. See online help for details.
  c:\program files (x86)\windows kits\10\include\10.0.17763.0\ucrt\stdio.h(208): note: 請參閱 'fopen' 的宣告
c:\users\justice.zy\desktop\blackjack\bjwzy\source\main.cpp(810): warning C4996: 'fopen': This function or variable may be unsafe. Consider using fopen_s instead. To disable deprecation, use _CRT_SECURE_NO_WARNINGS. See online help for details.
  c:\program files (x86)\windows kits\10\include\10.0.17763.0\ucrt\stdio.h(208): note: 請參閱 'fopen' 的宣告
  Main.cpp.vcxproj -> C:\Users\justICE.Zy\Desktop\blackjack\BJwzy\Main.cpp\Main.cpp\..\..\temp\debug\Main.cpp.exe
